<?xml version="1.0" encoding="UTF-8"?>
<testng-results ignored="0" total="1" passed="1" failed="0" skipped="0">
  <reporter-output>
  </reporter-output>
  <suite started-at="2023-08-24T10:56:34Z" name="Default suite" finished-at="2023-08-24T10:56:39Z" duration-ms="5112">
    <groups>
    </groups>
    <test started-at="2023-08-24T10:56:34Z" name="Default test" finished-at="2023-08-24T10:56:39Z" duration-ms="5112">
      <class name="APIRequest.GetRequest">
        <test-method signature="abc()[pri:0, instance:APIRequest.GetRequest@3688eb5b]" started-at="2023-08-24T10:56:34Z" name="abc" finished-at="2023-08-24T10:56:39Z" duration-ms="5048" status="PASS">
          <reporter-output>
          </reporter-output>
        </test-method> <!-- abc -->
      </class> <!-- APIRequest.GetRequest -->
    </test> <!-- Default test -->
  </suite> <!-- Default suite -->
</testng-results>
